<?xml version="1.0" encoding="UTF-8"?>
<coverage generated="1673360430231" clover="3.2.0">
  <project timestamp="1673360430231" name="All files">
    <metrics statements="23" coveredstatements="8" conditionals="2" coveredconditionals="2" methods="13" coveredmethods="6" elements="38" coveredelements="16" complexity="0" loc="23" ncloc="23" packages="3" files="7" classes="7"/>
    <package name="components.Main">
      <metrics statements="12" coveredstatements="8" conditionals="2" coveredconditionals="2" methods="8" coveredmethods="6"/>
      <file name="index.stories.tsx" path="C:\Users\Windows\Desktop\React Avancado\boilerplate\src\components\Main\index.stories.tsx">
        <metrics statements="4" coveredstatements="0" conditionals="0" coveredconditionals="0" methods="2" coveredmethods="0"/>
        <line num="16" count="0" type="stmt"/>
        <line num="21" count="0" type="stmt"/>
        <line num="23" count="0" type="stmt"/>
        <line num="28" count="0" type="stmt"/>
      </file>
      <file name="index.tsx" path="C:\Users\Windows\Desktop\React Avancado\boilerplate\src\components\Main\index.tsx">
        <metrics statements="2" coveredstatements="2" conditionals="2" coveredconditionals="2" methods="1" coveredmethods="1"/>
        <line num="1" count="1" type="stmt"/>
        <line num="22" count="2" type="stmt"/>
      </file>
      <file name="styles.ts" path="C:\Users\Windows\Desktop\React Avancado\boilerplate\src\components\Main\styles.ts">
        <metrics statements="6" coveredstatements="6" conditionals="0" coveredconditionals="0" methods="5" coveredmethods="5"/>
        <line num="1" count="1" type="stmt"/>
        <line num="3" count="2" type="stmt"/>
        <line num="15" count="2" type="stmt"/>
        <line num="20" count="2" type="stmt"/>
        <line num="24" count="2" type="stmt"/>
        <line num="29" count="2" type="stmt"/>
      </file>
    </package>
    <package name="pages">
      <metrics statements="10" coveredstatements="0" conditionals="0" coveredconditionals="0" methods="5" coveredmethods="0"/>
      <file name="_app.tsx" path="C:\Users\Windows\Desktop\React Avancado\boilerplate\src\pages\_app.tsx">
        <metrics statements="0" coveredstatements="0" conditionals="0" coveredconditionals="0" methods="1" coveredmethods="0"/>
      </file>
      <file name="_document.tsx" path="C:\Users\Windows\Desktop\React Avancado\boilerplate\src\pages\_document.tsx">
        <metrics statements="9" coveredstatements="0" conditionals="0" coveredconditionals="0" methods="3" coveredmethods="0"/>
        <line num="11" count="0" type="stmt"/>
        <line num="15" count="0" type="stmt"/>
        <line num="16" count="0" type="stmt"/>
        <line num="18" count="0" type="stmt"/>
        <line num="19" count="0" type="stmt"/>
        <line num="20" count="0" type="stmt"/>
        <line num="25" count="0" type="stmt"/>
        <line num="26" count="0" type="stmt"/>
        <line num="36" count="0" type="stmt"/>
      </file>
      <file name="index.tsx" path="C:\Users\Windows\Desktop\React Avancado\boilerplate\src\pages\index.tsx">
        <metrics statements="1" coveredstatements="0" conditionals="0" coveredconditionals="0" methods="1" coveredmethods="0"/>
        <line num="4" count="0" type="stmt"/>
      </file>
    </package>
    <package name="styles">
      <metrics statements="1" coveredstatements="0" conditionals="0" coveredconditionals="0" methods="0" coveredmethods="0"/>
      <file name="global.ts" path="C:\Users\Windows\Desktop\React Avancado\boilerplate\src\styles\global.ts">
        <metrics statements="1" coveredstatements="0" conditionals="0" coveredconditionals="0" methods="0" coveredmethods="0"/>
        <line num="3" count="0" type="stmt"/>
      </file>
    </package>
  </project>
</coverage>
